<?xml version="1.0" encoding="UTF-8"?>
<!-- Generated by org.testng.reporters.JUnitXMLReporter -->
<testsuite hostname="DESKTOP-CG9G5TL" ignored="0" name="Test" tests="4" failures="0" timestamp="19 Sep 2019 19:25:12 GMT" time="78.217" errors="0">
  <testcase name="logIn" time="17.56" classname="com.realAnalist.cwcot.GmailFileUpload"/>
  <testcase name="logIn" time="1.529" classname="com.realAnalist.cwcot.FileUpload"/>
  <testcase name="uplosdResume" time="18.419" classname="com.realAnalist.cwcot.GmailFileUpload"/>
  <testcase name="uplosdResume" time="23.149" classname="com.realAnalist.cwcot.FileUpload"/>
</testsuite> <!-- Test -->
