<?xml version="1.0" encoding="UTF-8"?>
<!-- Generated by org.testng.reporters.JUnitXMLReporter -->
<testsuite hostname="DESKTOP-CG9G5TL" ignored="2" name="Test_droups" tests="5" failures="0" timestamp="20 Sep 2019 18:27:49 GMT" time="63.247" errors="0">
  <testcase name="test2" time="0.008" classname="com.realAnalist.cwcot.GroupExecutionClass"/>
  <testcase name="test3" time="0.004" classname="com.realAnalist.cwcot.GroupExecutionClass"/>
  <testcase name="logIn" time="20.411" classname="com.realAnalist.cwcot.GmailFileUpload"/>
  <testcase name="composeMail" time="8.527" classname="com.realAnalist.cwcot.GmailFileUpload"/>
  <testcase name="uplosdResume" time="25.497" classname="com.realAnalist.cwcot.GmailFileUpload"/>
  <testcase name="test1" time="0.0" classname="com.realAnalist.cwcot.GroupExecutionClass">
    <ignored/>
  </testcase> <!-- test1 -->
  <testcase name="test" time="0.0" classname="com.realAnalist.cwcot.GroupExecutionClass">
    <ignored/>
  </testcase> <!-- test -->
</testsuite> <!-- Test_droups -->
